# JRE version: OpenJDK Runtime Environment Microsoft-25199 (11.0.12+7) (build 11.0.12+7)
# Java VM: OpenJDK 64-Bit Server VM Microsoft-25199 (11.0.12+7, mixed mode, tiered, compressed oops, g1 gc, windows-amd64)
Heap:
 garbage-first heap   total 371712K, used 115051K [0x00000000c0000000, 0x0000000100000000)
  region size 1024K, 2 young (2048K), 2 survivors (2048K)
 Metaspace       used 21127K, capacity 21749K, committed 21888K, reserved 1069056K
  class space    used 2542K, capacity 2823K, committed 2944K, reserved 1048576K
GC Heap History (20 events):
Event: 4.306 GC heap after
{Heap after GC invocations=8 (full 0):
 garbage-first heap   total 129024K, used 59392K [0x00000000c0000000, 0x0000000100000000)
  region size 1024K, 6 young (6144K), 6 survivors (6144K)
 Metaspace       used 14546K, capacity 14809K, committed 14976K, reserved 1062912K
  class space    used 1515K, capacity 1652K, committed 1664K, reserved 1048576K
}
Event: 4.638 GC heap before
{Heap before GC invocations=8 (full 0):
 garbage-first heap   total 129024K, used 94208K [0x00000000c0000000, 0x0000000100000000)
  region size 1024K, 40 young (40960K), 6 survivors (6144K)
 Metaspace       used 14582K, capacity 14877K, committed 14976K, reserved 1062912K
  class space    used 1515K, capacity 1652K, committed 1664K, reserved 1048576K
}
Event: 4.660 GC heap after
{Heap after GC invocations=9 (full 0):
 garbage-first heap   total 129024K, used 66560K [0x00000000c0000000, 0x0000000100000000)
  region size 1024K, 5 young (5120K), 5 survivors (5120K)
 Metaspace       used 14582K, capacity 14877K, committed 14976K, reserved 1062912K
  class space    used 1515K, capacity 1652K, committed 1664K, reserved 1048576K
}
Event: 4.743 GC heap before
{Heap before GC invocations=9 (full 0):
 garbage-first heap   total 129024K, used 97280K [0x00000000c0000000, 0x0000000100000000)
  region size 1024K, 35 young (35840K), 5 survivors (5120K)
 Metaspace       used 14587K, capacity 14877K, committed 14976K, reserved 1062912K
  class space    used 1515K, capacity 1652K, committed 1664K, reserved 1048576K
}
Event: 4.761 GC heap after
{Heap after GC invocations=10 (full 0):
 garbage-first heap   total 181248K, used 73184K [0x00000000c0000000, 0x0000000100000000)
  region size 1024K, 5 young (5120K), 5 survivors (5120K)
 Metaspace       used 14587K, capacity 14877K, committed 14976K, reserved 1062912K
  class space    used 1515K, capacity 1652K, committed 1664K, reserved 1048576K
}
Event: 4.866 GC heap before
{Heap before GC invocations=10 (full 0):
 garbage-first heap   total 181248K, used 118240K [0x00000000c0000000, 0x0000000100000000)
  region size 1024K, 49 young (50176K), 5 survivors (5120K)
 Metaspace       used 14475K, capacity 14699K, committed 14976K, reserved 1062912K
  class space    used 1475K, capacity 1579K, committed 1664K, reserved 1048576K
}
Event: 4.883 GC heap after
{Heap after GC invocations=11 (full 0):
 garbage-first heap   total 181248K, used 81823K [0x00000000c0000000, 0x0000000100000000)
  region size 1024K, 7 young (7168K), 7 survivors (7168K)
 Metaspace       used 14475K, capacity 14699K, committed 14976K, reserved 1062912K
  class space    used 1475K, capacity 1579K, committed 1664K, reserved 1048576K
}
Event: 5.116 GC heap before
{Heap before GC invocations=12 (full 0):
 garbage-first heap   total 181248K, used 125855K [0x00000000c0000000, 0x0000000100000000)
  region size 1024K, 50 young (51200K), 7 survivors (7168K)
 Metaspace       used 16083K, capacity 16372K, committed 16512K, reserved 1064960K
  class space    used 1698K, capacity 1862K, committed 1920K, reserved 1048576K
}
Event: 5.140 GC heap after
{Heap after GC invocations=13 (full 0):
 garbage-first heap   total 181248K, used 89973K [0x00000000c0000000, 0x0000000100000000)
  region size 1024K, 7 young (7168K), 7 survivors (7168K)
 Metaspace       used 16083K, capacity 16372K, committed 16512K, reserved 1064960K
  class space    used 1698K, capacity 1862K, committed 1920K, reserved 1048576K
}
Event: 5.144 GC heap before
{Heap before GC invocations=13 (full 0):
 garbage-first heap   total 181248K, used 90997K [0x00000000c0000000, 0x0000000100000000)
  region size 1024K, 8 young (8192K), 7 survivors (7168K)
 Metaspace       used 16084K, capacity 16372K, committed 16512K, reserved 1064960K
  class space    used 1698K, capacity 1862K, committed 1920K, reserved 1048576K
}
Event: 5.152 GC heap after
{Heap after GC invocations=14 (full 0):
 garbage-first heap   total 181248K, used 90825K [0x00000000c0000000, 0x0000000100000000)
  region size 1024K, 1 young (1024K), 1 survivors (1024K)
 Metaspace       used 16084K, capacity 16372K, committed 16512K, reserved 1064960K
  class space    used 1698K, capacity 1862K, committed 1920K, reserved 1048576K
}
Event: 5.209 GC heap before
{Heap before GC invocations=14 (full 0):
 garbage-first heap   total 181248K, used 131785K [0x00000000c0000000, 0x0000000100000000)
  region size 1024K, 41 young (41984K), 1 survivors (1024K)
 Metaspace       used 16128K, capacity 16436K, committed 16512K, reserved 1064960K
  class space    used 1702K, capacity 1862K, committed 1920K, reserved 1048576K
}
Event: 5.221 GC heap after
{Heap after GC invocations=15 (full 0):
 garbage-first heap   total 267264K, used 97280K [0x00000000c0000000, 0x0000000100000000)
  region size 1024K, 6 young (6144K), 6 survivors (6144K)
 Metaspace       used 16128K, capacity 16436K, committed 16512K, reserved 1064960K
  class space    used 1702K, capacity 1862K, committed 1920K, reserved 1048576K
}
Event: 5.369 GC heap before
{Heap before GC invocations=15 (full 0):
 garbage-first heap   total 267264K, used 164864K [0x00000000c0000000, 0x0000000100000000)
  region size 1024K, 72 young (73728K), 6 survivors (6144K)
 Metaspace       used 16097K, capacity 16385K, committed 16512K, reserved 1064960K
  class space    used 1692K, capacity 1845K, committed 1920K, reserved 1048576K
}
Event: 5.391 GC heap after
{Heap after GC invocations=16 (full 0):
 garbage-first heap   total 267264K, used 108797K [0x00000000c0000000, 0x0000000100000000)
  region size 1024K, 9 young (9216K), 9 survivors (9216K)
 Metaspace       used 16097K, capacity 16385K, committed 16512K, reserved 1064960K
  class space    used 1692K, capacity 1845K, committed 1920K, reserved 1048576K
}
Event: 5.944 GC heap before
{Heap before GC invocations=17 (full 0):
 garbage-first heap   total 267264K, used 180477K [0x00000000c0000000, 0x0000000100000000)
  region size 1024K, 79 young (80896K), 9 survivors (9216K)
 Metaspace       used 20271K, capacity 20880K, committed 20992K, reserved 1067008K
  class space    used 2436K, capacity 2713K, committed 2816K, reserved 1048576K
}
Event: 5.968 GC heap after
{Heap after GC invocations=18 (full 0):
 garbage-first heap   total 267264K, used 118664K [0x00000000c0000000, 0x0000000100000000)
  region size 1024K, 9 young (9216K), 9 survivors (9216K)
 Metaspace       used 20271K, capacity 20880K, committed 20992K, reserved 1067008K
  class space    used 2436K, capacity 2713K, committed 2816K, reserved 1048576K
}
Event: 6.018 GC heap before
{Heap before GC invocations=18 (full 0):
 garbage-first heap   total 267264K, used 122760K [0x00000000c0000000, 0x0000000100000000)
  region size 1024K, 13 young (13312K), 9 survivors (9216K)
 Metaspace       used 20476K, capacity 21092K, committed 21248K, reserved 1067008K
  class space    used 2453K, capacity 2719K, committed 2816K, reserved 1048576K
}
Event: 6.033 GC heap after
{Heap after GC invocations=19 (full 0):
 garbage-first heap   total 267264K, used 115078K [0x00000000c0000000, 0x0000000100000000)
  region size 1024K, 2 young (2048K), 2 survivors (2048K)
 Metaspace       used 20476K, capacity 21092K, committed 21248K, reserved 1067008K
  class space    used 2453K, capacity 2719K, committed 2816K, reserved 1048576K
}
Event: 6.328 GC heap before
{Heap before GC invocations=19 (full 0):
 garbage-first heap   total 267264K, used 187782K [0x00000000c0000000, 0x0000000100000000)
  region size 1024K, 74 young (75776K), 2 survivors (2048K)
 Metaspace       used 21127K, capacity 21749K, committed 21888K, reserved 1069056K
  class space    used 2542K, capacity 2823K, committed 2944K, reserved 1048576K
}

